1608836679177	geckodriver	INFO	Listening on 127.0.0.1:54976
1608836682372	mozrunner::runner	INFO	Running command: "C:\\Program Files\\Mozilla Firefox\\firefox.exe" "--marionette" "-foreground" "-no-remote" "-profile" "D:\\Archivos de programa (x64)\\Temp\\rust_mozprofileunWcrH"
Can't find symbol 'eglSwapBuffersWithDamageEXT'.
Can't find symbol 'eglSetDamageRegionKHR'.
console.warn: SearchSettings: "get: No settings file exists, new profile?" (new Error("", "(unknown module)"))
1608836687497	Marionette	INFO	Listening on port 54984
1608836688029	Marionette	WARN	TLS certificate errors will be ignored for this session
JavaScript error: resource://activity-stream/lib/ASRouter.jsm, line 987: NS_ERROR_ILLEGAL_VALUE: Component returned failure code: 0x80070057 (NS_ERROR_ILLEGAL_VALUE) [nsIObserverService.removeObserver]
1608836715693	Marionette	INFO	Stopped listening on port 54984

###!!! [Child][RunMessage] Error: Channel closing: too late to send/recv, messages will be lost

1608836767115	geckodriver	INFO	Listening on 127.0.0.1:55035
1608836770293	mozrunner::runner	INFO	Running command: "C:\\Program Files\\Mozilla Firefox\\firefox.exe" "--marionette" "-foreground" "-no-remote" "-profile" "D:\\Archivos de programa (x64)\\Temp\\rust_mozprofileIvTdwp"
Can't find symbol 'eglSwapBuffersWithDamageEXT'.
Can't find symbol 'eglSetDamageRegionKHR'.
console.warn: SearchSettings: "get: No settings file exists, new profile?" (new Error("", "(unknown module)"))
1608836776039	Marionette	INFO	Listening on port 55043
1608836776196	Marionette	WARN	TLS certificate errors will be ignored for this session
Can't find symbol 'eglSwapBuffersWithDamageEXT'.
Can't find symbol 'eglSetDamageRegionKHR'.
1608836953870	Marionette	INFO	Stopped listening on port 55043

###!!! [Child][RunMessage] Error: Channel closing: too late to send/recv, messages will be lost

1608836961134	geckodriver	INFO	Listening on 127.0.0.1:55133
1608836964257	mozrunner::runner	INFO	Running command: "C:\\Program Files\\Mozilla Firefox\\firefox.exe" "--marionette" "-foreground" "-no-remote" "-profile" "D:\\Archivos de programa (x64)\\Temp\\rust_mozprofileAFbm9t"
Can't find symbol 'eglSwapBuffersWithDamageEXT'.
Can't find symbol 'eglSetDamageRegionKHR'.
console.warn: SearchSettings: "get: No settings file exists, new profile?" (new Error("", "(unknown module)"))
1608836969761	Marionette	INFO	Listening on port 55141
1608836970108	Marionette	WARN	TLS certificate errors will be ignored for this session
Can't find symbol 'eglSwapBuffersWithDamageEXT'.
Can't find symbol 'eglSetDamageRegionKHR'.
1608837019214	Marionette	INFO	Stopped listening on port 55141
1608837126847	geckodriver	INFO	Listening on 127.0.0.1:55241
1608837129972	mozrunner::runner	INFO	Running command: "C:\\Program Files\\Mozilla Firefox\\firefox.exe" "--marionette" "-foreground" "-no-remote" "-profile" "D:\\Archivos de programa (x64)\\Temp\\rust_mozprofilewm1eY9"
Can't find symbol 'eglSwapBuffersWithDamageEXT'.
Can't find symbol 'eglSetDamageRegionKHR'.
console.warn: SearchSettings: "get: No settings file exists, new profile?" (new Error("", "(unknown module)"))
1608837135443	Marionette	INFO	Listening on port 55249
1608837135904	Marionette	WARN	TLS certificate errors will be ignored for this session
Can't find symbol 'eglSwapBuffersWithDamageEXT'.
Can't find symbol 'eglSetDamageRegionKHR'.
1608837214135	Marionette	INFO	Stopped listening on port 55249

###!!! [Child][RunMessage] Error: Channel closing: too late to send/recv, messages will be lost

1608837561468	geckodriver	INFO	Listening on 127.0.0.1:55449
1608837564596	mozrunner::runner	INFO	Running command: "C:\\Program Files\\Mozilla Firefox\\firefox.exe" "--marionette" "-foreground" "-no-remote" "-profile" "D:\\Archivos de programa (x64)\\Temp\\rust_mozprofilek87AU1"
Can't find symbol 'eglSwapBuffersWithDamageEXT'.
Can't find symbol 'eglSetDamageRegionKHR'.
console.warn: SearchSettings: "get: No settings file exists, new profile?" (new Error("", "(unknown module)"))
1608837570942	Marionette	INFO	Listening on port 55457
1608837571066	Marionette	WARN	TLS certificate errors will be ignored for this session
Can't find symbol 'eglSwapBuffersWithDamageEXT'.
Can't find symbol 'eglSetDamageRegionKHR'.
JavaScript error: resource://activity-stream/lib/ASRouter.jsm, line 987: NS_ERROR_ILLEGAL_VALUE: Component returned failure code: 0x80070057 (NS_ERROR_ILLEGAL_VALUE) [nsIObserverService.removeObserver]
1608838651085	Marionette	INFO	Stopped listening on port 55457

###!!! [Child][RunMessage] Error: Channel closing: too late to send/recv, messages will be lost

HR'.
console.warn: SearchSettings: "get: No settings file exists, new profile?" (new Error("", "(unknown module)"))
1608837885396	Marionette	INFO	Listening on port 55586
1608837885925	Marionette	WARN	TLS certificate errors will be ignored for this session
Can't find symbol 'eglSwapBuffersWithDamageEXT'.
Can't find symbol 'eglSetDamageRegionKHR'.
1608837914501	Marionette	INFO	Stopped listening on port 55586

###!!! [Child][RunMessage] Error: Channel closing: too late to send/recv, messages will be lost

1608837945649	geckodriver	INFO	Listening on 127.0.0.1:55641
1608837948739	mozrunner::runner	INFO	Running command: "C:\\Program Files\\Mozilla Firefox\\firefox.exe" "--marionette" "-foreground" "-no-remote" "-profile" "D:\\Archivos de programa (x64)\\Temp\\rust_mozprofile8FjV3y"
Can't find symbol 'eglSwapBuffersWithDamageEXT'.
Can't find symbol 'eglSetDamageRegionKHR'.
console.warn: SearchSettings: "get: No settings file exists, new profile?" (new Error("", "(unknown module)"))
1608837954811	Marionette	INFO	Listening on port 55649
1608837955146	Marionette	WARN	TLS certificate errors will be ignored for this session
Can't find symbol 'eglSwapBuffersWithDamageEXT'.
Can't find symbol 'eglSetDamageRegionKHR'.
1608837997349	Marionette	INFO	Stopped listening on port 55649

###!!! [Child][RunMessage] Error: Channel closing: too late to send/recv, messages will be lost

1608838086657	geckodriver	INFO	Listening on 127.0.0.1:55737
1608838089755	mozrunner::runner	INFO	Running command: "C:\\Program Files\\Mozilla Firefox\\firefox.exe" "--marionette" "-foreground" "-no-remote" "-profile" "D:\\Archivos de programa (x64)\\Temp\\rust_mozprofileKLsdMA"
Can't find symbol 'eglSwapBuffersWithDamageEXT'.
Can't find symbol 'eglSetDamageRegionKHR'.
console.warn: SearchSettings: "get: No settings file exists, new profile?" (new Error("", "(unknown module)"))
1608838094573	Marionette	INFO	Listening on port 55746
1608838095076	Marionette	WARN	TLS certificate errors will be ignored for this session
Can't find symbol 'eglSwapBuffersWithDamageEXT'.
Can't find symbol 'eglSetDamageRegionKHR'.
1608838133624	Marionette	INFO	Stopped listening on port 55746

###!!! [Child][RunMessage] Error: Channel closing: too late to send/recv, messages will be lost

1608838142064	geckodriver	INFO	Listening on 127.0.0.1:55797
1608838145217	mozrunner::runner	INFO	Running command: "C:\\Program Files\\Mozilla Firefox\\firefox.exe" "--marionette" "-foreground" "-no-remote" "-profile" "D:\\Archivos de programa (x64)\\Temp\\rust_mozprofileEFyHTo"
Can't find symbol 'eglSwapBuffersWithDamageEXT'.
Can't find symbol 'eglSetDamageRegionKHR'.
console.warn: SearchSettings: "get: No settings file exists, new profile?" (new Error("", "(unknown module)"))
1608838151279	Marionette	INFO	Listening on port 55805
1608838151574	Marionette	WARN	TLS certificate errors will be ignored for this session
Can't find symbol 'eglSwapBuffersWithDamageEXT'.
Can't find symbol 'eglSetDamageRegionKHR'.
1608838197773	Marionette	INFO	Stopped listening on port 55805

###!!! [Child][RunMessage] Error: Channel closing: too late to send/recv, messages will be lost

1608838357978	geckodriver	INFO	Listening on 127.0.0.1:55904
1608838361137	mozrunner::runner	INFO	Running command: "C:\\Program Files\\Mozilla Firefox\\firefox.exe" "--marionette" "-foreground" "-no-remote" "-profile" "D:\\Archivos de programa (x64)\\Temp\\rust_mozprofile6FqHAW"
Can't find symbol 'eglSwapBuffersWithDamageEXT'.
Can't find symbol 'eglSetDamageRegionKHR'.
console.warn: SearchSettings: "get: No settings file exists, new profile?" (new Error("", "(unknown module)"))
1608838367329	Marionette	INFO	Listening on port 55912
1608838367521	Marionette	WARN	TLS certificate errors will be ignored for this session
Can't find symbol 'eglSwapBuffersWithDamageEXT'.
Can't find symbol 'eglSetDamageRegionKHR'.
1608838531884	Marionette	INFO	Stopped listening on port 55912

###!!! [Child][RunMessage] Error: Channel closing: too late to send/recv, messages will be lost

1608838657829	geckodriver	INFO	Listening on 127.0.0.1:55994
1608838660991	mozrunner::runner	INFO	Running command: "C:\\Program Files\\Mozilla Firefox\\firefox.exe" "--marionette" "-foreground" "-no-remote" "-profile" "D:\\Archivos de programa (x64)\\Temp\\rust_mozprofileD52mV9"
Can't find symbol 'eglSwapBuffersWithDamageEXT'.
Can't find symbol 'eglSetDamageRegionKHR'.
console.warn: SearchSettings: "get: No settings file exists, new profile?" (new Error("", "(unknown module)"))
1608838665452	Marionette	INFO	Listening on port 56003
1608838666000	Marionette	WARN	TLS certificate errors will be ignored for this session
Can't find symbol 'eglSwapBuffersWithDamageEXT'.
Can't find symbol 'eglSetDamageRegionKHR'.
JavaScript error: resource://activity-stream/lib/ASRouter.jsm, line 987: NS_ERROR_ILLEGAL_VALUE: Component returned failure code: 0x80070057 (NS_ERROR_ILLEGAL_VALUE) [nsIObserverService.removeObserver]
Marionette threw an error: TypeError: browsingContextFn() is null
getMarionetteCommandsActorProxy/get/<@chrome://marionette/content/actors/MarionetteCommandsParent.jsm:330:29

1608838727030	Marionette	INFO	Stopped listening on port 56003

###!!! [Child][RunMessage] Error: Channel closing: too late to send/recv, messages will be lost

1608838813754	geckodriver	INFO	Listening on 127.0.0.1:56087
1608838816901	mozrunner::runner	INFO	Running command: "C:\\Program Files\\Mozilla Firefox\\firefox.exe" "--marionette" "-foreground" "-no-remote" "-profile" "D:\\Archivos de programa (x64)\\Temp\\rust_mozprofilebg6xOy"
Can't find symbol 'eglSwapBuffersWithDamageEXT'.
Can't find symbol 'eglSetDamageRegionKHR'.
console.warn: SearchSettings: "get: No settings file exists, new profile?" (new Error("", "(unknown module)"))
1608838822408	Marionette	INFO	Listening on port 56095
1608838822934	Marionette	WARN	TLS certificate errors will be ignored for this session
Can't find symbol 'eglSwapBuffersWithDamageEXT'.
Can't find symbol 'eglSetDamageRegionKHR'.
1608838855073	Marionette	INFO	Stopped listening on port 56095
1608838855696	geckodriver	INFO	Listening on 127.0.0.1:56146
1608838858873	mozrunner::runner	INFO	Running command: "C:\\Program Files\\Mozilla Firefox\\firefox.exe" "--marionette" "-foreground" "-no-remote" "-profile" "D:\\Archivos de programa (x64)\\Temp\\rust_mozprofileZzrp9t"
Can't find symbol 'eglSwapBuffersWithDamageEXT'.
Can't find symbol 'eglSetDamageRegionKHR'.
console.warn: SearchSettings: "get: No settings file exists, new profile?" (new Error("", "(unknown module)"))
1608838864654	Marionette	INFO	Listening on port 56155
1608838864760	Marionette	WARN	TLS certificate errors will be ignored for this session
Can't find symbol 'eglSwapBuffersWithDamageEXT'.
Can't find symbol 'eglSetDamageRegionKHR'.
1608838910564	Marionette	INFO	Stopped listening on port 56155

###!!! [Child][RunMessage] Error: Channel closing: too late to send/recv, messages will be lost

1608839142650	geckodriver	INFO	Listening on 127.0.0.1:56270
1608839145812	mozrunner::runner	INFO	Running command: "C:\\Program Files\\Mozilla Firefox\\firefox.exe" "--marionette" "-foreground" "-no-remote" "-profile" "D:\\Archivos de programa (x64)\\Temp\\rust_mozprofilep3FqzV"
Can't find symbol 'eglSwapBuffersWithDamageEXT'.
Can't find symbol 'eglSetDamageRegionKHR'.
console.warn: SearchSettings: "get: No settings file exists, new profile?" (new Error("", "(unknown module)"))
1608839151439	Marionette	INFO	Listening on port 56279
1608839151630	Marionette	WARN	TLS certificate errors will be ignored for this session
Can't find symbol 'eglSwapBuffersWithDamageEXT'.
Can't find symbol 'eglSetDamageRegionKHR'.
1608839195091	Marionette	INFO	Stopped listening on port 56279

###!!! [Child][RunMessage] Error: Channel closing: too late to send/recv, messages will be lost

1608839256848	geckodriver	INFO	Listening on 127.0.0.1:56336
1608839260030	mozrunner::runner	INFO	Running command: "C:\\Program Files\\Mozilla Firefox\\firefox.exe" "--marionette" "-foreground" "-no-remote" "-profile" "D:\\Archivos de programa (x64)\\Temp\\rust_mozprofilejIHvQJ"
Can't find symbol 'eglSwapBuffersWithDamageEXT'.
Can't find symbol 'eglSetDamageRegionKHR'.
console.warn: SearchSettings: "get: No settings file exists, new profile?" (new Error("", "(unknown module)"))
1608839265427	Marionette	INFO	Listening on port 56345
1608839265855	Marionette	WARN	TLS certificate errors will be ignored for this session
Can't find symbol 'eglSwapBuffersWithDamageEXT'.
Can't find symbol 'eglSetDamageRegionKHR'.
JavaScript error: resource://activity-stream/lib/ASRouter.jsm, line 987: NS_ERROR_ILLEGAL_VALUE: Component returned failure code: 0x80070057 (NS_ERROR_ILLEGAL_VALUE) [nsIObserverService.removeObserver]
1608839313048	Marionette	INFO	Stopped listening on port 56345

###!!! [Child][RunMessage] Error: Channel closing: too late to send/recv, messages will be lost

1608839378328	geckodriver	INFO	Listening on 127.0.0.1:56401
1608839381456	mozrunner::runner	INFO	Running command: "C:\\Program Files\\Mozilla Firefox\\firefox.exe" "--marionette" "-foreground" "-no-remote" "-profile" "D:\\Archivos de programa (x64)\\Temp\\rust_mozprofilewH1tI8"
Can't find symbol 'eglSwapBuffersWithDamageEXT'.
Can't find symbol 'eglSetDamageRegionKHR'.
console.warn: SearchSettings: "get: No settings file exists, new profile?" (new Error("", "(unknown module)"))
1608839387504	Marionette	INFO	Listening on port 56409
1608839387854	Marionette	WARN	TLS certificate errors will be ignored for this session
Can't find symbol 'eglSwapBuffersWithDamageEXT'.
Can't find symbol 'eglSetDamageRegionKHR'.
Marionette threw an error: TypeError: browsingContextFn().currentWindowGlobal is null
getMarionetteCommandsActorProxy/get/<@chrome://marionette/content/actors/MarionetteCommandsParent.jsm:330:29

1608839441037	Marionette	INFO	Stopped listening on port 56409

###!!! [Child][RunMessage] Error: Channel closing: too late to send/recv, messages will be lost

